C51 COMPILER V9.60.0.0   WINNY                                                             01/24/2022 23:36:42 PAGE 1   


C51 COMPILER V9.60.0.0, COMPILATION OF MODULE WINNY
OBJECT MODULE PLACED IN .\Output\winny.obj
COMPILER INVOKED BY: C:\Keil_v5\C51\BIN\C51.EXE ..\winny.c OPTIMIZE(7,SPEED) BROWSE INCDIR(..\Library\Device\Include;..\
                    -Library\StdDriver\inc) DEBUG OBJECTEXTEND PRINT(.\List\winny.lst) TABS(2) OBJECT(.\Output\winny.obj)

line level    source

   1          #include "ML51.H" 
   2          #include <string.h>
   3          #define Sint8  signed   char
   4          #define Uint8  unsigned char
   5          #define Uint16 unsigned int
   6          #define Uint32 unsigned long
   7          unsigned int xdata ADCdataAIN;
   8          //-=-=-=-=-=-=-=-=-=-=-=-=-=-=-=-=-=-=-=-=-=-=-=-=-=-=-=-=-=-=-=-=-=-=-=
   9          //  Pin Definition
  10          //-=-=-=-=-=-=-=-=-=-=-=-=-=-=-=-=-=-=-=-=-=-=-=-=-=-=-=-=-=-=-=-=-=-=-=
  11          /*
  12          #define xData P1        // Parallel Data Input/Output
  13          
  14          #define E   P30       // Read/Write Enable
  15          #define RW  P31       // Read/Write Select
  16          
  17          #define RD  P30       // Read Signal
  18          #define WR  P31       // Write Signal
  19          */
  20          //LCD
  21          #define SDIN    P00
  22          #define SCLK    P01
  23          #define DC      P02
  24          #define RES     P03
  25          #define CS      P52
  26          #define TURN    P14
  27          #define EN      P22
  28          
  29          Uint16 i;//for first  loop counting
  30          Uint16 j;//for second loop counting
  31          unsigned char idata *Src_Pointer;//retrieve pointer dataa
  32          
  33          void   InitLCD(void);
  34          //-=-=-=-=-=-=-=-=-=-=-=-=-=-=-=-=-=-=-=-=-=-=-=-=-=-=-=-=-=-=-=-=-=-=-=
  35          //  Delay Time
  36          //-=-=-=-=-=-=-=-=-=-=-=-=-=-=-=-=-=-=-=-=-=-=-=-=-=-=-=-=-=-=-=-=-=-=-=
  37          void uDelay(unsigned char l)
  38          {
  39   1        while(l--);
  40   1      }
  41          
  42          
  43          void Delay(unsigned char n)
  44          {
  45   1      unsigned char i,j,k;
  46   1      
  47   1        for(k=0;k<n;k++)
  48   1        {
  49   2          for(i=0;i<131;i++)
  50   2          {
  51   3            for(j=0;j<15;j++)
  52   3            {
  53   4              uDelay(203);  
  54   4            }
C51 COMPILER V9.60.0.0   WINNY                                                             01/24/2022 23:36:42 PAGE 2   

  55   3          }
  56   2        }
  57   1      }
  58          
  59          
  60          //-=-=-=-=-=-=-=-=-=-=-=-=-=-=-=-=-=-=-=-=-=-=-=-=-=-=-=-=-=-=-=-=-=-=-=
  61          //  Read/Write Sequence
  62          //-=-=-=-=-=-=-=-=-=-=-=-=-=-=-=-=-=-=-=-=-=-=-=-=-=-=-=-=-=-=-=-=-=-=-=
  63          void Write_Command(unsigned char Data)
  64          {
  65   1        P5&=0xFB;//CS(P52)=0;
  66   1        DC=0;
  67   1        for (i=0; i<8; i++)
  68   1        {
  69   2          SCLK=0;//P1 & 0x80
  70   2          SDIN=(Data&0x80)>>7;
  71   2          Data = Data << 1;
  72   2          _nop_();
  73   2          //uDelay(1);
  74   2          SCLK=1;
  75   2          _nop_();
  76   2          //uDelay(1);
  77   2        }
  78   1        SCLK=0;
  79   1        DC=1;
  80   1        P5|=0x04;//CS(P52)=1;
  81   1      }
  82          
  83          
  84          void Write_Data(unsigned char Data)
  85          {
  86   1        P5&=0xFB;//CS(P52)=0;
  87   1        DC=1;
  88   1        for (i=0; i<8; i++)
  89   1        {
  90   2          SCLK=0;
  91   2          SDIN=(Data&0x80)>>7;
  92   2          Data = Data << 1;
  93   2          _nop_();
  94   2          //uDelay(1);
  95   2          SCLK=1;
  96   2          _nop_();
  97   2          //uDelay(1);
  98   2        }
  99   1        SCLK=0;
 100   1        DC=1;
 101   1        P5|=0x04;//CS(P52)=1;
 102   1      }
 103          
 104          
 105          
 106          //=-=-=-=-=-=-=-=-=-=-=-=-=-=-=-=-=-=-=-=-=-=-=-=-=-=-=-=-=-=-=-=-=-=-=-=-=-=-=-=
 107          //  Global Variables
 108          //=-=-=-=-=-=-=-=-=-=-=-=-=-=-=-=-=-=-=-=-=-=-=-=-=-=-=-=-=-=-=-=-=-=-=-=-=-=-=-=
 109          #define XLevelL   0x00
 110          #define XLevelH   0x10
 111          #define XLevel    ((XLevelH&0x0F)*16+XLevelL)
 112          #define Max_Column  128
 113          #define Max_Row   64
 114          #define Brightness  0xBF
 115          
 116          
C51 COMPILER V9.60.0.0   WINNY                                                             01/24/2022 23:36:42 PAGE 3   

 117          //=-=-=-=-=-=-=-=-=-=-=-=-=-=-=-=-=-=-=-=-=-=-=-=-=-=-=-=-=-=-=-=-=-=-=-=-=-=-=-=
 118          //  Patterns
 119          //=-=-=-=-=-=-=-=-=-=-=-=-=-=-=-=-=-=-=-=-=-=-=-=-=-=-=-=-=-=-=-=-=-=-=-=-=-=-=-=
 120          unsigned char code winny_fin[6][547]={//372+48+127
 121            {0x0F,0x0F,0x0F,0x0F,0x0F,0x0F,0x0F,0x0F,0x0F,0x0F,0x0F,0x0F,0x0F,0xFF,0xFF,0xFF,0xFF,0x00,0x00,0x00,
 122             0x00,0x00,0x00,0x00,0x00,0xFF,0xFF,0xFF,0xFF,0x0F,0x0F,0x0F,0x0F,0x0F,0x0F,0x0F,0x0F,0x0F,0x0F,0x0F,
 123             0x0F,0x0F,0x0F,0x0F,0x0F,0x0F,0x0F,0x0F,0x0F,0x0F,0x00,0x00,0x00,0x00,0x00,0x00,0x00,0x00,0x00,0x00,
 124             0x00,0x00,0x00,0x00,0x00,0x80,0xC0,0xE0,0xF0,0xF8,0x7C,0x3E,0x1E,0x0E,0x06,0x02,0x00,0x00,0x00,0x00,
 125             0x00,0x00,0x00,0x00,0x00,0x00,0x80,0xC0,0xE0,0xF0,0xF8,0xFC,0x7E,0x3E,0x1E,0x0E,0x06,0x02,0x00,0x00,
 126             0x00,0x00,0x00,0x00,0x00,0x00,0x00,0x00,0x00,0x00,0x00,0x00,0x00,0x00,0x00,0x00,0xFC,0xFC,0xFC,0xFC,
 127             0xFC,0x7C,0x7C,0x7C,0x7C,0x7C,0x7C,0x7C,0x7C,0x7C,0x7C,0x7C,0x7C,0x7C,0x7C,0x7C,0x7C,0x7C,0x7C,0x7C,
 128             0x7C,0x7C,0x7C,0x7C,0x7C,0x7C,0x7C,0x7C,0x7C,0x7C,0x7C,0x7C,0x7C,0xFC,0xFC,0xFC,0xFC,0xFC,0x00,0x00,
 129             0x00,0x00,0x00,0x00,0x00,0x00,0x00,0x00,0x00,0x00,0x00,0x00,0x00,0x00,0x00,0x00,0x00,0x00,0x00,0x00,
 130             0x00,0x00,0x00,0x00,0x00,0x00,0x00,0x00,0x00,0x00,0x00,0x00,0x00,0x00,0x00,0x00,0x00,0x00,0x00,0x00,
 131             0x00,0x00,0x00,0x00,0x00,0x00,0x00,0x00,0x00,0x00,0x00,0x00,0x00,0x00,0x00,0x00,0x00,0x00,0x00,0x00,
 132             0x00,0x00,0x00,0x00,0xFC,0xFC,0xFC,0xFC,0x00,0x00,0x00,0x00,0x00,0x00,0x00,0x00,0x00,0x00,0xFC,0xFC,
 133             0xFC,0xFC,0x3C,0x3C,0x3C,0x3C,0x3C,0x3C,0x3C,0x3C,0x3C,0x3C,0x3C,0x3C,0x3C,0x3C,0x3C,0x3C,0xFC,0xFC,
 134             0xFC,0xFC,0x00,0x00,0x00,0x00,0x00,0x00,0x00,0x00,0x00,0x00,0xFE,0xFE,0xFE,0xFE,0xFE,0x3E,0x3E,0x3E,
 135             0x3E,0x3E,0x3E,0x3E,0x3E,0x3E,0x3E,0x3E,0x3E,0x3E,0x3E,0x3E,0x3E,0x3E,0x3E,0x3E,0x3E,0x3E,0x3E,0x3E,
 136             0x3E,0x3E,0x3E,0x3E,0x3E,0x3E,0x3E,0x3E,0x3E,0xFE,0xFE,0xFE,0xFE,0xFE,0x00,0x00,0x00,0x00,0x00,0x00,
 137             0x00,0x00,0x00,0xFC,0xFC,0xFC,0xFC,0x00,0x00,0x00,0x00,0x00,0x00,0x00,0x00,0x00,0x00,0xFC,0xFC,0xFC,
 138             0xFC,0x00,0x00,0x00,0x00,0x3C,0x3C,0x3C,0x3C,0x3C,0x3C,0x3C,0x3C,0x3C,0x3C,0x3C,0xFC,0xFC,0xFC,0xFC,
 139             0x3C,0x3C,0x3C,0x3C,0x3C,0x3C,0x3C,0x3C,0x3C,0x3C,0x3C,0x3C,0x00,0x00,0x00,0x00,0x00,0x00,0x00,0x00,
 140             0x00,0x00,0x00,0x00,0x00,0x00,0x00,0x00,0x00,0x00,0x00,0x00,0x00,0x00,0x00,0x00,0x00,0x00,0x00,0x00,
 141             0x00,0x00,0x00,0x00,0x00,0x00,0x00,0x00,0x00,0x00,0x00,0x00,0x00,0x00,0x00,0x00,0x00,0x00,0x00,0x00,
 142             0x0F,0x0F,0x0F,0x0F,0x0F,0x0F,0x0F,0x0F,0x0F,0x0F,0x0F,0x0F,0x0F,0xFF,0xFF,0xFF,0xFF,0x00,0x00,0x00,
 143             0x00,0x00,0x00,0x00,0x00,0xFF,0xFF,0xFF,0xFF,0x0F,0x0F,0x0F,0x0F,0x0F,0x0F,0x0F,0x0F,0x0F,0x0F,0x0F,
 144             0x0F,0x0F,0x0F,0x0F,0x0F,0x0F,0x0F,0x0F,0x0F,0x0F,0x00,0x00,0x00,0x00,0x00,0x00,0x00,0x00,0x00,0x00,
 145             0x00,0x00,0x00,0x00,0x00,0x80,0xC0,0xE0,0xF0,0xF8,0x7C,0x3E,0x1E,0x0E,0x06,0x02,0x00,0x00,0x00,0x00,
 146             0x00,0x00,0x00,0x00,0x00,0x00,0x80,0xC0,0xE0,0xF0,0xF8,0xFC,0x7E,0x3E,0x1E,0x0E,0x06,0x02,0x00,0x00,
 147             0x00,0x00,0x00,0x00,0x00,0x00,0x00,0x00,0x00,0x00,0x00,0x00,0x00,0x00,0x00,0x00,0xFC,0xFC,0xFC,0xFC,
 148             0xFC,0x7C,0x7C,0x7C,0x7C,0x7C,0x7C},
 149            
 150            {0x00,0x00,0xE0,0xE0,0xE0,0xE0,0xE0,0xE0,0xE0,0xE0,0xE0,0xE0,0xE0,0xFF,0xFF,0xFF,0xFF,0x00,0x00,0x00,
 151             0x00,0x00,0x00,0x00,0x00,0xFF,0xFF,0xFF,0xFF,0x0F,0x0F,0x0F,0x0F,0x0F,0x0F,0x0F,0x0F,0x0F,0x0F,0x0F,
 152             0x0F,0x0F,0x0F,0x0F,0x0F,0x0F,0x0F,0x00,0x00,0x00,0x00,0x00,0x00,0x00,0x00,0x00,0x00,0x00,0x00,0xE0,
 153             0xF0,0xF8,0xFC,0xFE,0xFF,0xFF,0xE7,0xE3,0xE1,0xE0,0xE0,0xE0,0xF0,0xF8,0xF8,0x78,0x38,0x18,0x80,0xC0,
 154             0xE0,0xF0,0xF8,0xFC,0xFE,0xFF,0x9F,0x8F,0x87,0x83,0x81,0x80,0x80,0x80,0x80,0x80,0xFF,0xFF,0xFF,0xFF,
 155             0x80,0x80,0x80,0x80,0x80,0x80,0x80,0x00,0x00,0x00,0x00,0x00,0x00,0x00,0x00,0x00,0xFF,0xFF,0xFF,0xFF,
 156             0xFF,0x00,0x00,0x00,0x00,0x00,0x00,0x00,0x00,0x00,0x00,0x00,0x00,0x00,0x00,0x00,0x00,0x00,0x00,0x00,
 157             0x00,0x00,0x00,0x00,0x00,0x00,0x00,0x00,0x00,0x00,0x00,0x00,0x00,0xFF,0xFF,0xFF,0xFF,0xFF,0x00,0x00,
 158             0x00,0x00,0x00,0x00,0x00,0x00,0x00,0x00,0x00,0x00,0x00,0x00,0x00,0x00,0x00,0x00,0x00,0x00,0x00,0x00,
 159             0x00,0x00,0x00,0x00,0x00,0x00,0x00,0x00,0x00,0x00,0x00,0x00,0x00,0x00,0x00,0x00,0x00,0x00,0x00,0x00,
 160             0x00,0x00,0x00,0x00,0x00,0x00,0x00,0x00,0x00,0x00,0x00,0x00,0x00,0x00,0x00,0x00,0xFC,0xFC,0xFC,0xFC,
 161             0x3C,0x3C,0x3C,0x3C,0xFF,0xFF,0xFF,0xFF,0x3C,0x3C,0x3C,0x3C,0xFC,0xFC,0xFC,0xFC,0x00,0x00,0xFF,0xFF,
 162             0xFF,0xFF,0x00,0x00,0x00,0x00,0x00,0x00,0x00,0x00,0x00,0x00,0x00,0x00,0x00,0x00,0x00,0x00,0xFF,0xFF,
 163             0xFF,0xFF,0x00,0x00,0x00,0x00,0x00,0x00,0x00,0x00,0x00,0x00,0xFF,0xFF,0xFF,0xFF,0xFF,0x00,0x00,0x00,
 164             0x00,0xE0,0xE0,0xE0,0xE0,0xE0,0xE0,0xE0,0xE0,0xE0,0xE0,0xE0,0xE0,0xE0,0xE0,0xE0,0xE0,0xE0,0xE0,0xE0,
 165             0xE0,0xE0,0xE0,0xE0,0x00,0x00,0x00,0x00,0x00,0xFF,0xFF,0xFF,0xFF,0xFF,0x00,0x00,0x00,0x00,0x00,0x00,
 166             0x00,0x00,0x00,0xFF,0xFF,0xFF,0xFF,0x00,0x00,0x00,0xFF,0xFF,0xFF,0xFF,0x00,0x00,0x00,0xFF,0xFF,0xFF,
 167             0xFF,0x00,0x00,0x00,0xF8,0xF8,0xF8,0xF8,0x78,0x78,0x78,0x78,0x78,0x78,0x78,0x78,0x7F,0x7F,0x7F,0x7F,
 168             0x78,0x78,0x78,0x78,0x78,0x78,0x78,0x78,0xF8,0xF8,0xF8,0xF8,0x00,0x00,0x00,0x00,0x00,0x00,0x00,0x00,
 169             0x00,0x00,0x00,0x00,0x00,0x00,0x00,0x00,0x00,0x00,0x00,0x00,0x00,0x00,0x00,0x00,0x00,0x00,0x00,0x00,
 170             0x00,0x00,0x00,0x00,0x00,0x00,0x00,0x00,0x00,0x00,0x00,0x00,0x00,0x00,0x00,0x00,0x00,0x00,0x00,0x00,
 171             0x00,0x00,0xE0,0xE0,0xE0,0xE0,0xE0,0xE0,0xE0,0xE0,0xE0,0xE0,0xE0,0xFF,0xFF,0xFF,0xFF,0x00,0x00,0x00,
 172             0x00,0x00,0x00,0x00,0x00,0xFF,0xFF,0xFF,0xFF,0x0F,0x0F,0x0F,0x0F,0x0F,0x0F,0x0F,0x0F,0x0F,0x0F,0x0F,
 173             0x0F,0x0F,0x0F,0x0F,0x0F,0x0F,0x0F,0x00,0x00,0x00,0x00,0x00,0x00,0x00,0x00,0x00,0x00,0x00,0x00,0xE0,
 174             0xF0,0xF8,0xFC,0xFE,0xFF,0xFF,0xE7,0xE3,0xE1,0xE0,0xE0,0xE0,0xF0,0xF8,0xF8,0x78,0x38,0x18,0x80,0xC0,
 175             0xE0,0xF0,0xF8,0xFC,0xFE,0xFF,0x9F,0x8F,0x87,0x83,0x81,0x80,0x80,0x80,0x80,0x80,0xFF,0xFF,0xFF,0xFF,
 176             0x80,0x80,0x80,0x80,0x80,0x80,0x80,0x00,0x00,0x00,0x00,0x00,0x00,0x00,0x00,0x00,0xFF,0xFF,0xFF,0xFF,
 177             0xFF,0x00,0x00,0x00,0x00,0x00,0x00}, 
 178             
C51 COMPILER V9.60.0.0   WINNY                                                             01/24/2022 23:36:42 PAGE 4   

 179            {0x00,0x00,0xFF,0xFF,0xFF,0xFF,0x01,0x01,0x01,0x01,0x01,0x01,0x01,0x01,0x01,0x01,0x01,0x00,0x00,0x00,
 180             0x00,0x00,0x00,0x00,0x00,0xFF,0xFF,0xFF,0xFF,0x0F,0x0F,0x0F,0x0F,0x0F,0x0F,0x0F,0x0F,0x0F,0x0F,0x0F,
 181             0x0F,0x0F,0x0F,0x0F,0x0F,0x0F,0x0F,0x00,0x00,0x00,0x00,0x00,0x00,0x00,0x00,0x00,0x00,0x00,0x00,0x03,
 182             0x03,0x83,0xC3,0xE3,0xF3,0xFB,0xFF,0x7F,0x3F,0x1F,0x0F,0x07,0x03,0x11,0x18,0x1C,0x1E,0x1F,0x1F,0x0F,
 183             0x07,0xFF,0xFF,0xFF,0xFF,0xFF,0x07,0x07,0x07,0x07,0x07,0x07,0x07,0x07,0x07,0x07,0xFF,0xFF,0xFF,0xFF,
 184             0x07,0x07,0x07,0x07,0x07,0x07,0x07,0x00,0x00,0x00,0x00,0x00,0x00,0x00,0x00,0x00,0xFF,0xFF,0xFF,0xFF,
 185             0xFF,0x1F,0x1F,0x1F,0x1F,0x1F,0x1F,0x1F,0x1F,0x1F,0x1F,0x1F,0x1F,0x1F,0x1F,0x1F,0x1F,0x1F,0x1F,0x1F,
 186             0x1F,0x1F,0x1F,0x1F,0x1F,0x1F,0x1F,0x1F,0x1F,0x1F,0x1F,0x1F,0x1F,0x1F,0x1F,0x1F,0x1F,0x1F,0x00,0x00,
 187             0x00,0x00,0x00,0x00,0xE0,0xE0,0xE0,0xE0,0xE0,0xE0,0xE0,0xE0,0xE0,0xE0,0xE0,0xE0,0xE0,0xE0,0xE0,0xE0,
 188             0xE0,0xE0,0xE0,0xE0,0xE0,0xE0,0xE0,0xE0,0xE0,0xE0,0xE0,0xE0,0xE0,0xE0,0xE0,0xE0,0xE0,0xE0,0xE0,0xE0,
 189             0xE0,0xE0,0xE0,0xE0,0xE0,0xE0,0xE0,0xE0,0x00,0x00,0x00,0x00,0x00,0x00,0x00,0x00,0xFF,0xFF,0xFF,0xFF,
 190             0x00,0x00,0x00,0x00,0xFF,0xFF,0xFF,0xFF,0x00,0x00,0x00,0x00,0xFF,0xFF,0xFF,0xFF,0x00,0x00,0xFF,0xFF,
 191             0xFF,0xFF,0x00,0x00,0x18,0x38,0x78,0xF8,0xF8,0xF0,0xE0,0xC0,0x80,0x00,0x00,0x00,0x00,0x00,0xFF,0xFF,
 192             0xFF,0xFF,0x00,0x00,0x00,0x00,0x00,0x00,0x00,0x00,0x00,0x00,0xFF,0xFF,0xFF,0xFF,0xFF,0x00,0x00,0x00,
 193             0xF0,0xF1,0xF1,0xF1,0xF1,0xF1,0xF1,0xF1,0xF1,0xF1,0xFF,0xFF,0xFF,0xFF,0xFF,0xFF,0xF1,0xF1,0xF1,0xF1,
 194             0xF1,0xF1,0xF1,0xF1,0xF0,0xF0,0x00,0x00,0x00,0xFF,0xFF,0xFF,0xFF,0xFF,0x00,0x00,0x00,0x00,0x00,0x00,
 195             0x00,0x00,0x00,0xFF,0xFF,0xFF,0xFF,0x00,0x00,0x00,0xFF,0xFF,0xFF,0xFF,0x00,0x00,0x00,0xFF,0xFF,0xFF,
 196             0xFF,0x00,0x00,0x00,0xFF,0xFF,0xFF,0xFF,0x78,0x78,0x78,0x78,0x78,0x78,0x78,0x78,0x78,0x78,0x78,0x78,
 197             0x78,0x78,0x78,0x78,0x78,0x78,0x78,0x78,0xFF,0xFF,0xFF,0xFF,0x00,0x00,0x00,0x00,0x00,0x00,0x00,0x00,
 198             0x00,0x00,0x00,0x00,0x00,0x00,0x00,0x00,0x00,0x00,0x00,0x00,0x00,0x00,0x00,0x00,0x00,0x00,0x00,0x00,
 199             0x00,0x00,0x00,0x00,0x00,0x00,0x00,0x00,0x00,0x00,0x00,0x00,0x00,0x00,0x00,0x00,0x00,0x00,0x00,0x00,
 200             0x00,0x00,0xFF,0xFF,0xFF,0xFF,0x01,0x01,0x01,0x01,0x01,0x01,0x01,0x01,0x01,0x01,0x01,0x00,0x00,0x00,
 201             0x00,0x00,0x00,0x00,0x00,0xFF,0xFF,0xFF,0xFF,0x0F,0x0F,0x0F,0x0F,0x0F,0x0F,0x0F,0x0F,0x0F,0x0F,0x0F,
 202             0x0F,0x0F,0x0F,0x0F,0x0F,0x0F,0x0F,0x00,0x00,0x00,0x00,0x00,0x00,0x00,0x00,0x00,0x00,0x00,0x00,0x03,
 203             0x03,0x83,0xC3,0xE3,0xF3,0xFB,0xFF,0x7F,0x3F,0x1F,0x0F,0x07,0x03,0x11,0x18,0x1C,0x1E,0x1F,0x1F,0x0F,
 204             0x07,0xFF,0xFF,0xFF,0xFF,0xFF,0x07,0x07,0x07,0x07,0x07,0x07,0x07,0x07,0x07,0x07,0xFF,0xFF,0xFF,0xFF,
 205             0x07,0x07,0x07,0x07,0x07,0x07,0x07,0x00,0x00,0x00,0x00,0x00,0x00,0x00,0x00,0x00,0xFF,0xFF,0xFF,0xFF,
 206            0xFF,0x1F,0x1F,0x1F,0x1F,0x1F,0x1F},   
 207             
 208            {0x00,0x00,0x7F,0x7F,0x7F,0x7F,0x78,0x78,0x78,0x78,0x78,0x78,0x78,0xF8,0xF8,0xF8,0xF8,0x00,0x00,0x3C,
 209             0x3C,0x3C,0x3C,0x3C,0x3C,0xFF,0xFF,0xFF,0xFF,0x3C,0x3C,0x3C,0x3C,0x3C,0x3C,0x3C,0x3C,0x3C,0x3C,0x3C,
 210             0x3C,0x3C,0x3C,0x3C,0x3C,0x3C,0x3C,0x3C,0x3C,0x3C,0x3C,0x3C,0x00,0x00,0x00,0x00,0x00,0xF8,0xFC,0xFE,
 211             0xFF,0xFF,0xFF,0xF7,0xF3,0xF1,0xF0,0xF0,0xF0,0xF0,0xF0,0xF0,0xF0,0xF0,0xF0,0xF8,0xF8,0xF8,0xF8,0x00,
 212             0x00,0xFF,0xFF,0xFF,0xFF,0xFF,0x0F,0x0F,0x0F,0x0F,0x0F,0x0F,0x0F,0x0F,0x0F,0x0F,0xFF,0xFF,0xFF,0xFF,
 213             0x0F,0x0F,0x0F,0x0F,0x0F,0x0F,0x0F,0x00,0x00,0x00,0x00,0x00,0x00,0x00,0x00,0x00,0xFF,0xFF,0xFF,0xFF,
 214             0xFF,0x00,0x00,0x00,0x00,0xFF,0xFF,0xFF,0xFF,0xFF,0xC0,0xC0,0xC0,0xC0,0xC0,0xC0,0xC0,0xC0,0xC0,0xC0,
 215             0xC0,0xC0,0xC0,0xC0,0xC0,0xC0,0xC0,0xC0,0xC0,0xC0,0xC0,0xC0,0xC0,0xC0,0xC0,0x00,0x00,0x00,0x00,0x00,
 216             0x00,0x00,0x00,0x00,0x07,0x07,0x07,0x07,0x07,0x07,0x07,0x07,0x07,0x07,0x07,0x07,0x07,0x07,0x07,0x07,
 217             0x07,0x07,0x07,0x07,0x07,0x07,0x07,0x07,0x07,0x07,0x07,0x07,0x07,0x07,0x07,0x07,0x07,0x07,0x07,0x07,
 218             0x07,0x07,0x07,0x07,0x07,0x07,0x07,0x07,0x00,0x00,0x00,0x00,0x00,0x00,0x00,0x00,0x3F,0x3F,0x3F,0x3F,
 219             0x00,0x00,0x00,0x00,0xFF,0xFF,0xFF,0xFF,0x00,0x00,0x00,0x00,0x3F,0x3F,0x3F,0x3F,0x00,0x00,0xFF,0xFF,
 220             0xFF,0xFF,0x00,0x00,0x00,0x00,0x00,0x00,0x01,0x03,0x07,0x0F,0x0F,0x0F,0x0E,0x0C,0x00,0x00,0xFF,0xFF,
 221             0xFF,0xFF,0x00,0x00,0x00,0x00,0x00,0x00,0x00,0x00,0x00,0x00,0xFF,0xFF,0xFF,0xFF,0xFF,0x00,0x00,0x00,
 222             0xFF,0xFF,0xFF,0xFF,0x80,0x80,0x80,0x80,0x80,0x80,0xFF,0xFF,0xFF,0xFF,0xFF,0xFF,0x80,0x80,0x80,0x80,
 223             0x80,0x80,0xFF,0xFF,0xFF,0xFF,0x00,0x00,0x00,0xFF,0xFF,0xFF,0xFF,0xFF,0x00,0x00,0x00,0x00,0x00,0x00,
 224             0x00,0x00,0x00,0xFF,0xFF,0xFF,0xFF,0x00,0x00,0x00,0xFF,0xFF,0xFF,0xFF,0x00,0x00,0x00,0xFF,0xFF,0xFF,
 225             0xFF,0x00,0x00,0x00,0xFF,0xFF,0xFF,0xFF,0xF0,0xF0,0xF0,0xF0,0xF0,0xF0,0xF0,0xF0,0xF0,0xF0,0xF0,0xF0,
 226             0xF0,0xF0,0xF0,0xF0,0xF0,0xF0,0xF0,0xF0,0xFF,0xFF,0xFF,0xFF,0x00,0x00,0x00,0x00,0x00,0x00,0x00,0x00,
 227             0x00,0x00,0x00,0x00,0x00,0x00,0x00,0x00,0x00,0x00,0x00,0x00,0x00,0x00,0x00,0x00,0x00,0x00,0x00,0x00,
 228             0x00,0x00,0x00,0x00,0x00,0x00,0x00,0x00,0x00,0x00,0x00,0x00,0x00,0x00,0x00,0x00,0x00,0x00,0x00,0x00,
 229             0x00,0x00,0x7F,0x7F,0x7F,0x7F,0x78,0x78,0x78,0x78,0x78,0x78,0x78,0xF8,0xF8,0xF8,0xF8,0x00,0x00,0x3C,
 230             0x3C,0x3C,0x3C,0x3C,0x3C,0xFF,0xFF,0xFF,0xFF,0x3C,0x3C,0x3C,0x3C,0x3C,0x3C,0x3C,0x3C,0x3C,0x3C,0x3C,
 231             0x3C,0x3C,0x3C,0x3C,0x3C,0x3C,0x3C,0x3C,0x3C,0x3C,0x3C,0x3C,0x00,0x00,0x00,0x00,0x00,0xF8,0xFC,0xFE,
 232             0xFF,0xFF,0xFF,0xF7,0xF3,0xF1,0xF0,0xF0,0xF0,0xF0,0xF0,0xF0,0xF0,0xF0,0xF0,0xF8,0xF8,0xF8,0xF8,0x00,
 233             0x00,0xFF,0xFF,0xFF,0xFF,0xFF,0x0F,0x0F,0x0F,0x0F,0x0F,0x0F,0x0F,0x0F,0x0F,0x0F,0xFF,0xFF,0xFF,0xFF,
 234             0x0F,0x0F,0x0F,0x0F,0x0F,0x0F,0x0F,0x00,0x00,0x00,0x00,0x00,0x00,0x00,0x00,0x00,0xFF,0xFF,0xFF,0xFF,
 235             0xFF,0x00,0x00,0x00,0x00,0xFF,0xFF},
 236             
 237            {0x00,0x00,0x00,0x00,0x00,0x00,0x00,0x00,0x00,0x00,0x00,0x00,0x00,0xFF,0xFF,0xFF,0xFF,0x00,0x00,0x00,
 238             0x00,0x00,0x00,0x00,0x00,0xFF,0xFF,0xFF,0xFF,0x00,0x00,0x01,0x03,0x07,0x0F,0x1F,0x3E,0x7C,0xF8,0xF0,
 239             0xE0,0xC0,0x90,0x18,0x1C,0x1E,0x0F,0x07,0x03,0x01,0x00,0x00,0x00,0x00,0x00,0x00,0x00,0x01,0x01,0xF1,
 240             0xF1,0xF1,0xF1,0x01,0x01,0x01,0xF1,0xF1,0xF1,0xF1,0x01,0x01,0x01,0xF1,0xF1,0xF3,0xF3,0x03,0x03,0x00,
C51 COMPILER V9.60.0.0   WINNY                                                             01/24/2022 23:36:42 PAGE 5   

 241             0x00,0xFF,0xFF,0xFF,0xFF,0xFF,0x1E,0x1E,0x1E,0x1E,0x1E,0x1E,0x1E,0x1E,0x1E,0x1E,0xFF,0xFF,0xFF,0xFF,
 242             0x1E,0x1E,0x1E,0x1E,0x1E,0x1E,0x1E,0x00,0x00,0x00,0x00,0x00,0x00,0x00,0x00,0x00,0xFF,0xFF,0xFF,0xFF,
 243             0xFF,0x00,0x00,0x00,0x00,0xFF,0xFF,0xFF,0xFF,0xFF,0x07,0x07,0x07,0x07,0x07,0x07,0x07,0x07,0x07,0x07,
 244             0x07,0x07,0x07,0x07,0x07,0x07,0x07,0x07,0x07,0x07,0x07,0x07,0x07,0x07,0x87,0x80,0x80,0x80,0x80,0x00,
 245             0x00,0x00,0x00,0x00,0x00,0x00,0x00,0x00,0x00,0x00,0x00,0x00,0x00,0x00,0x00,0x00,0x00,0x00,0x00,0x00,
 246             0x00,0x00,0x00,0x00,0x00,0x00,0x00,0x00,0x00,0x00,0x00,0x00,0x00,0x00,0x00,0x00,0x00,0x00,0x00,0x00,
 247             0x00,0x00,0x00,0x00,0x00,0x00,0x00,0x00,0x00,0x00,0x00,0x00,0x00,0x00,0x00,0x00,0x00,0x00,0x00,0x00,
 248             0x00,0x00,0x00,0x00,0xFF,0xFF,0xFF,0xFF,0x00,0x00,0x00,0x00,0x00,0x00,0x00,0x00,0x00,0x00,0xFF,0xFF,
 249             0xFF,0xFF,0x00,0x00,0x00,0x00,0x00,0x00,0x00,0x00,0x00,0x00,0x00,0x00,0x00,0x00,0x00,0x00,0xFF,0xFF,
 250             0xFF,0xFF,0x00,0x00,0x00,0x00,0x00,0x00,0x00,0x00,0x00,0x00,0xFF,0xFF,0xFF,0xFF,0xFF,0x00,0x00,0x00,
 251             0x07,0x07,0x07,0x07,0x07,0x07,0x07,0x07,0x07,0x07,0xFF,0xFF,0xFF,0xFF,0xFF,0xFF,0x07,0x07,0x07,0x07,
 252             0x07,0xC7,0xC7,0xC7,0xC7,0x07,0x00,0x00,0x00,0xFF,0xFF,0xFF,0xFF,0xFF,0x00,0x00,0x00,0x00,0x00,0x00,
 253             0x00,0x00,0x00,0xFF,0xFF,0xFF,0xFF,0x00,0x00,0x00,0x7F,0x7F,0x7F,0x7F,0x00,0x00,0x00,0xFF,0xFF,0xFF,
 254             0xFF,0x00,0x00,0x00,0xFF,0xFF,0xFF,0xFF,0xF0,0xF0,0xF0,0xF0,0xF0,0xF0,0xF0,0xF0,0xF0,0xF0,0xF0,0xF0,
 255             0xF0,0xF0,0xF0,0xF0,0xF0,0xF0,0xF0,0xF0,0xFF,0xFF,0xFF,0xFF,0x00,0x00,0x00,0x00,0x00,0x00,0x00,0x00,
 256             0x00,0x00,0x00,0x00,0x00,0x00,0x00,0x00,0x00,0x00,0x00,0x00,0x00,0x00,0x00,0x00,0x00,0x00,0x00,0x00,
 257             0x00,0x00,0x00,0x00,0x00,0x00,0x00,0x00,0x00,0x00,0x00,0x00,0x00,0x00,0x00,0x00,0x00,0x00,0x00,0x00,
 258             0x00,0x00,0x00,0x00,0x00,0x00,0x00,0x00,0x00,0x00,0x00,0x00,0x00,0xFF,0xFF,0xFF,0xFF,0x00,0x00,0x00,
 259             0x00,0x00,0x00,0x00,0x00,0xFF,0xFF,0xFF,0xFF,0x00,0x00,0x01,0x03,0x07,0x0F,0x1F,0x3E,0x7C,0xF8,0xF0,
 260             0xE0,0xC0,0x90,0x18,0x1C,0x1E,0x0F,0x07,0x03,0x01,0x00,0x00,0x00,0x00,0x00,0x00,0x00,0x01,0x01,0xF1,
 261             0xF1,0xF1,0xF1,0x01,0x01,0x01,0xF1,0xF1,0xF1,0xF1,0x01,0x01,0x01,0xF1,0xF1,0xF3,0xF3,0x03,0x03,0x00,
 262             0x00,0xFF,0xFF,0xFF,0xFF,0xFF,0x1E,0x1E,0x1E,0x1E,0x1E,0x1E,0x1E,0x1E,0x1E,0x1E,0xFF,0xFF,0xFF,0xFF,
 263             0x1E,0x1E,0x1E,0x1E,0x1E,0x1E,0x1E,0x00,0x00,0x00,0x00,0x00,0x00,0x00,0x00,0x00,0xFF,0xFF,0xFF,0xFF,
 264            0xFF,0x00,0x00,0x00,0x00,0xFF,0xFF},
 265             
 266            {0x00,0x00,0xF0,0xF0,0xF0,0xF0,0xF0,0xF0,0xF0,0xF0,0xF0,0xF0,0xF0,0xFF,0xFF,0xFF,0xFF,0x00,0x00,0x00,
 267             0x00,0x00,0x00,0x00,0x00,0xFF,0xFF,0xFF,0xFF,0xF0,0xF0,0xF0,0xF0,0xF0,0xF0,0xF0,0xF0,0x00,0x00,0x01,
 268             0x03,0x07,0x0F,0x1F,0x3E,0x7C,0xF8,0xF0,0xE0,0xC0,0x80,0x00,0x00,0x00,0x00,0x00,0x00,0x00,0x00,0x7F,
 269             0x7F,0x7F,0x7F,0x00,0x00,0x00,0x7F,0x7F,0x7F,0x7F,0x00,0x00,0x00,0x7F,0x7F,0x7F,0x7F,0x00,0x00,0x00,
 270             0x00,0xFF,0xFF,0xFF,0xFF,0xFF,0x3C,0x3C,0x3C,0x3C,0x3C,0x3C,0x3C,0x3C,0x3C,0x3C,0xFF,0xFF,0xFF,0xFF,
 271             0x3C,0x3C,0x3C,0x3C,0x3C,0x3C,0x3C,0x00,0x00,0x00,0x00,0x00,0x00,0x00,0x00,0x00,0xFF,0xFF,0xFF,0xFF,
 272             0xFF,0x00,0x00,0x00,0x00,0xFF,0xFF,0xFF,0xFF,0xFF,0xF8,0xF8,0xF8,0xF8,0xF8,0xF8,0xF8,0xF8,0xF8,0xF8,
 273             0xF8,0xF8,0xF8,0xF8,0xF8,0xF8,0xF8,0xF8,0xF8,0xF8,0xF8,0xF8,0xF8,0xF8,0xFF,0xFF,0xFF,0xFF,0xFF,0x00,
 274             0x00,0x00,0x00,0x00,0x00,0x00,0x00,0x00,0x00,0x00,0x00,0x00,0x00,0x00,0x00,0x00,0x00,0x00,0x00,0x00,
 275             0x00,0x00,0x00,0x00,0x00,0x00,0x00,0x00,0x00,0x00,0x00,0x00,0x00,0x00,0x00,0x00,0x00,0x00,0x00,0x00,
 276             0x00,0x00,0x00,0x00,0x00,0x00,0x00,0x00,0x00,0x00,0x00,0x00,0x00,0x00,0x00,0x00,0x00,0x00,0x00,0x00,
 277             0x00,0x00,0x00,0x00,0xFF,0xFF,0xFF,0xFF,0x00,0x00,0x00,0x00,0x00,0x00,0x00,0x00,0x00,0x00,0xFF,0xFF,
 278             0xFF,0xFF,0x00,0x00,0x00,0x00,0x00,0x00,0x00,0x00,0x00,0x00,0x00,0x00,0x00,0x00,0x00,0x00,0xFF,0xFF,
 279             0xFF,0xFF,0xF0,0xF0,0xF0,0xF0,0x00,0x00,0x00,0x00,0x00,0x00,0xFF,0xFF,0xFF,0xFF,0xFF,0x00,0x00,0x00,
 280             0x00,0x00,0x1F,0x1F,0x1F,0x1F,0x1F,0x1F,0x1F,0x1F,0x1F,0x1F,0x1F,0x1F,0x1F,0x1F,0x1F,0x1F,0x1F,0x1F,
 281             0x1F,0x7F,0x7F,0x7F,0x7F,0x00,0x00,0x00,0x00,0xFF,0xFF,0xFF,0xFF,0xFF,0xF8,0xF8,0xF8,0xF8,0xF8,0x00,
 282             0x00,0x00,0x00,0xFF,0xFF,0xFF,0xFF,0x00,0x00,0x00,0x00,0x00,0x00,0x00,0x00,0x00,0x00,0xFF,0xFF,0xFF,
 283             0xFF,0x00,0x00,0x00,0x81,0xC1,0xE1,0xF1,0xF9,0xFD,0x7F,0x3F,0x1F,0x0F,0x07,0x03,0x01,0x01,0x01,0x01,
 284             0x03,0x07,0x0F,0x1F,0x3F,0x7F,0xFD,0xF9,0xF1,0xE1,0xC1,0x81,0x00,0x00,0x00,0x00,0x00,0x00,0x00,0x00,
 285             0x00,0x00,0x00,0x00,0x00,0x00,0x00,0x00,0x00,0x00,0x00,0x00,0x00,0x00,0x00,0x00,0x00,0x00,0x00,0x00,
 286             0x00,0x00,0x00,0x00,0x00,0x00,0x00,0x00,0x00,0x00,0x00,0x00,0x00,0x00,0x00,0x00,0x00,0x00,0x00,0x00,
 287             0x00,0x00,0xF0,0xF0,0xF0,0xF0,0xF0,0xF0,0xF0,0xF0,0xF0,0xF0,0xF0,0xFF,0xFF,0xFF,0xFF,0x00,0x00,0x00,
 288             0x00,0x00,0x00,0x00,0x00,0xFF,0xFF,0xFF,0xFF,0xF0,0xF0,0xF0,0xF0,0xF0,0xF0,0xF0,0xF0,0x00,0x00,0x01,
 289             0x03,0x07,0x0F,0x1F,0x3E,0x7C,0xF8,0xF0,0xE0,0xC0,0x80,0x00,0x00,0x00,0x00,0x00,0x00,0x00,0x00,0x7F,
 290             0x7F,0x7F,0x7F,0x00,0x00,0x00,0x7F,0x7F,0x7F,0x7F,0x00,0x00,0x00,0x7F,0x7F,0x7F,0x7F,0x00,0x00,0x00,
 291             0x00,0xFF,0xFF,0xFF,0xFF,0xFF,0x3C,0x3C,0x3C,0x3C,0x3C,0x3C,0x3C,0x3C,0x3C,0x3C,0xFF,0xFF,0xFF,0xFF,
 292             0x3C,0x3C,0x3C,0x3C,0x3C,0x3C,0x3C,0x00,0x00,0x00,0x00,0x00,0x00,0x00,0x00,0x00,0xFF,0xFF,0xFF,0xFF,
 293             0xFF,0x00,0x00,0x00,0x00,0xFF,0xFF},
 294          };
 295          
 296          //-=-=-=-=-=-=-=-=-=-=-=-=-=-=-=-=-=-=-=-=-=-=-=-=-=-=-=-=-=-=-=-=-=-=-=
 297          //  Show Regular Pattern (Full Screen)
 298          //-=-=-=-=-=-=-=-=-=-=-=-=-=-=-=-=-=-=-=-=-=-=-=-=-=-=-=-=-=-=-=-=-=-=-=
 299          void Fill_RAM(unsigned char Data)
 300          {
 301   1      unsigned char i,j;
 302   1      
C51 COMPILER V9.60.0.0   WINNY                                                             01/24/2022 23:36:42 PAGE 6   

 303   1        for(i=0;i<8;i++)
 304   1        {
 305   2          //Instruction_Setting('I',i,0x00);//Set_Start_Page(i);
 306   2          Write_Command(0xB0|i);
 307   2          //Instruction_Setting('A',0x00,0x00);//Set_Start_Column(0x00);
 308   2          Write_Command(0x00);
 309   2          Write_Command(0x10);
 310   2          
 311   2          for(j=0;j<128;j++)
 312   2          {
 313   3            Write_Data(Data);
 314   3          }
 315   2        }
 316   1      }
 317          //-=-=-=-=-=-=-=-=-=-=-=-=-=-=-=-=-=-=-=-=-=-=-=-=-=-=-=-=-=-=-=-=-=-=-=
 318          //  Show Frame (Full Screen)
 319          //-=-=-=-=-=-=-=-=-=-=-=-=-=-=-=-=-=-=-=-=-=-=-=-=-=-=-=-=-=-=-=-=-=-=-=
 320          void Frame()
 321          {
 322   1      unsigned char i,j;
 323   1        //top line
 324   1        //Instruction_Setting('I',0x00,0x00);//Set_Start_Page(0x00);
 325   1        //Instruction_Setting('A',XLevel,0x00);//Set_Start_Column(XLevel);
 326   1        
 327   1        Write_Command(0xB0|0x00);
 328   1        
 329   1        Write_Command(0x00);
 330   1        Write_Command(0x10);
 331   1        
 332   1        for(i=0;i<Max_Column;i++)
 333   1        {
 334   2          Write_Data(0x01);
 335   2        }
 336   1        //button line
 337   1        //Instruction_Setting('I',0x07,0x00);//Set_Start_Page(0x07);
 338   1        //Instruction_Setting('A',XLevelL,0x00);//Set_Start_Column(XLevel);
 339   1        
 340   1        Write_Command(0xB0|0x07);
 341   1        
 342   1        Write_Command(0x00);
 343   1        Write_Command(0x10);
 344   1        
 345   1        for(i=0;i<Max_Column;i++)
 346   1        {
 347   2          Write_Data(0x80);
 348   2        }
 349   1        
 350   1        for(i=0;i<8;i++)
 351   1        {
 352   2          //Instruction_Setting('I',i,0x00);//Set_Start_Page(i);
 353   2          Write_Command(0xB0|i);
 354   2          
 355   2          for(j=0;j<Max_Column;j+=(Max_Column-1))
 356   2          {
 357   3            //Instruction_Setting('A',XLevel+j,0x00);//Set_Start_Column(XLevel+j);
 358   3            Write_Command(0x00+(XLevel+j)%16);
 359   3            Write_Command(0x10+(XLevel+j)/16);
 360   3            Write_Data(0xFF);
 361   3          }
 362   2        }
 363   1      }
 364          
C51 COMPILER V9.60.0.0   WINNY                                                             01/24/2022 23:36:42 PAGE 7   

 365          
 366          
 367          //-=-=-=-=-=-=-=-=-=-=-=-=-=-=-=-=-=-=-=-=-=-=-=-=-=-=-=-=-=-=-=-=-=-=-=
 368          //  Show Pattern (Partial or Full Screen)
 369          //
 370          //    a: Start Page
 371          //    b: End Page
 372          //    c: Start Column
 373          //    d: Total Columns
 374          //-=-=-=-=-=-=-=-=-=-=-=-=-=-=-=-=-=-=-=-=-=-=-=-=-=-=-=-=-=-=-=-=-=-=-=
 375          void Show_Pattern(unsigned char *Data_Pointer, unsigned char a, unsigned char b, unsigned char c, unsigned
             - char d)
 376          {
 377   1      unsigned char i,j;
 378   1      
 379   1        for(i=a;i<(b+1);i++)
 380   1        {
 381   2          Write_Command(0xB0|i);
 382   2          
 383   2          Write_Command(0x00+c%16);
 384   2          Write_Command(0x10+c/16);
 385   2          
 386   2          for(j=0;j<d;j++)
 387   2          {
 388   3            Write_Data(*Data_Pointer);
 389   3            Data_Pointer++;
 390   3          }
 391   2        }
 392   1      }
 393          //-=-=-=-=-=-=-=-=-=-=-=-=-=-=-=-=-=-=-=-=-=-=-=-=-=-=-=-=-=-=-=-=-=-=-=
 394          //  Fade In (Full Screen)
 395          //-=-=-=-=-=-=-=-=-=-=-=-=-=-=-=-=-=-=-=-=-=-=-=-=-=-=-=-=-=-=-=-=-=-=-=
 396          void Fade_In()
 397          {
 398   1      unsigned int i; 
 399   1      
 400   1        Write_Command(0xAF);//Set_Display_On
 401   1        for(i=0;i<(Brightness+1);i++)
 402   1        {
 403   2          //Instruction_Setting('D',i,0x00);//Set_Contrast_Control(i);
 404   2          Write_Command(0x81);        // Set Contrast Control for Bank 0
 405   2          Write_Command(i);
 406   2          uDelay(200);
 407   2          uDelay(200);
 408   2          uDelay(200);
 409   2        }
 410   1      }
 411          
 412          
 413          //-=-=-=-=-=-=-=-=-=-=-=-=-=-=-=-=-=-=-=-=-=-=-=-=-=-=-=-=-=-=-=-=-=-=-=
 414          //  Fade Out (Full Screen)
 415          //-=-=-=-=-=-=-=-=-=-=-=-=-=-=-=-=-=-=-=-=-=-=-=-=-=-=-=-=-=-=-=-=-=-=-=
 416          void Fade_Out()
 417          {
 418   1      unsigned int i; 
 419   1      
 420   1        for(i=(Brightness+1);i>0;i--)
 421   1        {
 422   2          //Instruction_Setting('D',i-1,0x00);//Set_Contrast_Control(i-1);
 423   2          Write_Command(0x81);        // Set Contrast Control for Bank 0
 424   2          Write_Command(i-1);
 425   2          uDelay(200);
C51 COMPILER V9.60.0.0   WINNY                                                             01/24/2022 23:36:42 PAGE 8   

 426   2          uDelay(200);
 427   2          uDelay(200);
 428   2        }
 429   1        Write_Command(0xAE);//Set_Display_Off
 430   1      }
 431          
 432          
 433          //-=-=-=-=-=-=-=-=-=-=-=-=-=-=-=-=-=-=-=-=-=-=-=-=-=-=-=-=-=-=-=-=-=-=-=
 434          //  Sleep Mode
 435          //
 436          //    "0x00" Enter Sleep Mode
 437          //    "0x01" Exit Sleep Mode
 438          //-=-=-=-=-=-=-=-=-=-=-=-=-=-=-=-=-=-=-=-=-=-=-=-=-=-=-=-=-=-=-=-=-=-=-=
 439          void Sleep(unsigned char a)
 440          {
 441   1        switch(a)
 442   1        {
 443   2          case 0://sleep
 444   2            Write_Command(0xAE);//Set_Display_On_Off(0xAE);
 445   2            Write_Command(0xA5);//Set_Entire_Display(0xA5);
 446   2            break;
 447   2          case 1://wake
 448   2            Write_Command(0xA4);//Set_Entire_Display(0xA4);
 449   2            Write_Command(0xAF);//Set_Display_On_Off(0xAF);
 450   2            break;
 451   2        }
 452   1      }
 453          
 454          void Set_Start_Line(unsigned char d)
 455          {
 456   1        Write_Command(0x40|d);      // Set Display Start Line
 457   1                  //   Default => 0x40 (0x00)
 458   1      }
 459          
 460          void horizon_Scroll(unsigned char a, unsigned char b, unsigned char c)
 461          {
 462   1      unsigned int i,j;
 463   1      
 464   1        switch(a)
 465   1        {
 466   2          case 0:
 467   2            for(i=0;i<Max_Column;i+=b)
 468   2            {
 469   3              Set_Start_Line(i);
 470   3              for(j=0;j<c;j++)
 471   3              {
 472   4                uDelay(200);
 473   4              }
 474   3            }
 475   2            break;
 476   2          case 1:
 477   2            for(i=0;i<Max_Column;i+=b)
 478   2            {
 479   3              Set_Start_Line(Max_Column-i);
 480   3              for(j=0;j<c;j++)
 481   3              {
 482   4                uDelay(200);
 483   4              }
 484   3            }
 485   2            break;
 486   2        }
 487   1        Set_Start_Line(0x00);
C51 COMPILER V9.60.0.0   WINNY                                                             01/24/2022 23:36:42 PAGE 9   

 488   1      }
 489          //=-=-=-=-=-=-=-=-=-=-=-=-=-=-=-=-=-=-=-=-=-=-=-=-=-=-=-=-=-=-=-=-=-=-=-=-=-=-=-=
 490          //  Initialization
 491          //=-=-=-=-=-=-=-=-=-=-=-=-=-=-=-=-=-=-=-=-=-=-=-=-=-=-=-=-=-=-=-=-=-=-=-=-=-=-=-=
 492          //  set display    Default => 0xAE ,  0xAE => Display Off  ,  0xAF => Display On
 493          void OLED_Init()
 494          {
 495   1      unsigned char i;
 496   1      
 497   1        RES=0;
 498   1        for(i=0;i<200;i++)
 499   1        {
 500   2          uDelay(200);
 501   2        }
 502   1        RES=1;
 503   1      
 504   1        Write_Command(0xae); /* set  display off */   
 505   1         Write_Command(0x00);    
 506   1         Write_Command(0x10);
 507   1         Write_Command(0xD5); /* set  lower column start address */
 508   1         Write_Command(0xA0); /* set  higher column start address */  
 509   1         Write_Command(0xA8); /* set  display start line */   
 510   1         Write_Command(0x3F);   
 511   1         Write_Command(0xD3); /* set  contrast control */
 512   1         Write_Command(0x00);    
 513   1         Write_Command(0x40);    
 514   1         Write_Command(0x00);   
 515   1         Write_Command(0x20); /* set  segment remap  */  
 516   1         Write_Command(0x02); /* set  normal display */   
 517   1         Write_Command(0xa1); /* set  multiplex ratio */
 518   1         Write_Command(0xC8); /* 1/64 */   
 519   1         Write_Command(0xDA); /* master configuration */
 520   1         Write_Command(0x12); /* external vcc supply */  
 521   1         Write_Command(0xc8); /* set  com scan direction */  
 522   1         Write_Command(0xd3); /* set  display offset  */
 523   1         Write_Command(0x40);   
 524   1         Write_Command(0x81); /* set  display clock divide/oscillator frequency */
 525   1         Write_Command(0xBF);    
 526   1         Write_Command(0xD9);    /*set area color mode off */
 527   1         Write_Command(0x25);       
 528   1         Write_Command(0xA4);
 529   1         Write_Command(0xA6);    
 530   1         Write_Command(0xaf); /* set  display on */
 531   1      }
 532          
 533          
 534          //=-=-=-=-=-=-=-=-=-=-=-=-=-=-=-=-=-=-=-=-=-=-=-=-=-=-=-=-=-=-=-=-=-=-=-=-=-=-=-=
 535          //  Main Program
 536          //=-=-=-=-=-=-=-=-=-=-=-=-=-=-=-=-=-=-=-=-=-=-=-=-=-=-=-=-=-=-=-=-=-=-=-=-=-=-=-=
 537          void main()
 538          {
 539   1      //unsigned char i;
 540   1        Uint8 r=0;
 541   1        Uint8 a=0;
 542   1        unsigned int x=0;
 543   1        Uint8 pp=0x3C;
 544   1        //TURN,EN
 545   1        MFP_P14_GPIO,MFP_P22_GPIO;
 546   1        P14_QUASI_MODE,P22_QUASI_MODE;
 547   1        MFP_P40_GPIO,MFP_P41_GPIO;
 548   1        P40_QUASI_MODE,P41_QUASI_MODE;
 549   1        InitLCD();
C51 COMPILER V9.60.0.0   WINNY                                                             01/24/2022 23:36:42 PAGE 10  

 550   1        
 551   1        //GPIO_SetMode(Port0,BIT2,GPIO_MODE_QUASI);
 552   1        
 553   1        //P30 P31 UART
 554   1        Enable_UART0_VCOM_printf();
 555   1        printf("turn on\n");
 556   1      
 557   1        TURN=1;
 558   1        OLED_Init();
 559   1        Delay(1);
 560   1        EN=1;
 561   1        //LCD setting
 562   1        Fade_In();
 563   1        Fill_RAM(0xFF);   
 564   1        Delay(5);
 565   1        Fill_RAM(0x00);     // Clear Screen
 566   1        Delay(5);
 567   1        Frame();
 568   1        
 569   1        while(1)
 570   1        {
 571   2          // All Pixels On (Test Pattern)
 572   2          
 573   2          for(r=1;r<7;r++){
 574   3            Show_Pattern(&winny_fin[r-1][x],r,r,XLevelL,128);
 575   3            //Show_Pattern(&winny6[r-1][0],r,r,XLevelL+x,0x35);
 576   3            //Show_Pattern(&winny2[r-1][0],r,r,XLevelL+pp,0x35);
 577   3          }
 578   2          
 579   2          if(x==420){
 580   3            x=0;
 581   3          }
 582   2          /*
 583   2          if(x==0){
 584   2            x=Max_Column;
 585   2          }
 586   2          */
 587   2          for(a=0;a<0x60;a++){
 588   3            uDelay(200);
 589   3          }
 590   2          x++;
 591   2          //pp--;
 592   2          //Delay(10);
 593   2        }
 594   1        
 595   1        Fill_RAM(0x00);     // Clear Screen
 596   1        Fade_Out(); 
 597   1      }
 598          void InitLCD(){
 599   1          //SDIN,SCLK,DC,RES,CS QUASI mode
 600   1          MFP_P00_GPIO,MFP_P01_GPIO,MFP_P03_GPIO,MFP_P52_GPIO;
 601   1          P00_QUASI_MODE,P01_QUASI_MODE,P03_QUASI_MODE,P52_QUASI_MODE;
 602   1          //P02(DC) QUASI mode
 603   1          SFRS = 1;
 604   1          P0M1 &= ~BIT2;
 605   1          P0M2 &= ~BIT2;
 606   1      }
*** WARNING C294 IN LINE 595 OF ..\winny.c: unreachable code


MODULE INFORMATION:   STATIC OVERLAYABLE
   CODE SIZE        =   1187    ----
C51 COMPILER V9.60.0.0   WINNY                                                             01/24/2022 23:36:42 PAGE 11  

   CONSTANT SIZE    =   3291    ----
   XDATA SIZE       =      2    ----
   PDATA SIZE       =   ----    ----
   DATA SIZE        =      5      15
   IDATA SIZE       =   ----    ----
   BIT SIZE         =   ----    ----
END OF MODULE INFORMATION.


C51 COMPILATION COMPLETE.  1 WARNING(S),  0 ERROR(S)
